2024-09-24T07:47:27.512+03:00  INFO 29700 --- [main] c.k.r.impl.AddressRepositoryImplTest     : Starting AddressRepositoryImplTest using Java 22.0.2 with PID 29700 (started by Asus in D:\senla\main3\main)
2024-09-24T07:47:27.528+03:00  INFO 29700 --- [main] c.k.r.impl.AddressRepositoryImplTest     : The following 1 profile is active: "test"
2024-09-24T07:47:28.416+03:00  INFO 29700 --- [main] .s.d.r.c.RepositoryConfigurationDelegate : Bootstrapping Spring Data JPA repositories in DEFAULT mode.
2024-09-24T07:47:28.497+03:00  INFO 29700 --- [main] .s.d.r.c.RepositoryConfigurationDelegate : Finished Spring Data repository scanning in 68 ms. Found 0 JPA repository interfaces.
2024-09-24T07:47:29.295+03:00  INFO 29700 --- [main] com.zaxxer.hikari.HikariDataSource       : HikariPool-1 - Starting...
2024-09-24T07:47:29.709+03:00  INFO 29700 --- [main] com.zaxxer.hikari.pool.HikariPool        : HikariPool-1 - Added connection org.postgresql.jdbc.PgConnection@f29353f
2024-09-24T07:47:29.712+03:00  INFO 29700 --- [main] com.zaxxer.hikari.HikariDataSource       : HikariPool-1 - Start completed.
2024-09-24T07:47:29.974+03:00  INFO 29700 --- [main] liquibase.database                       : Set default schema name to public
2024-09-24T07:47:30.912+03:00  INFO 29700 --- [main] liquibase.changelog                      : Reading from public.databasechangelog
2024-09-24T07:47:31.064+03:00  INFO 29700 --- [main] liquibase.ui                             : Database is up to date, no changesets to execute
2024-09-24T07:47:31.067+03:00  INFO 29700 --- [main] liquibase.changelog                      : Reading from public.databasechangelog
2024-09-24T07:47:31.086+03:00  INFO 29700 --- [main] liquibase.util                           : UPDATE SUMMARY
2024-09-24T07:47:31.087+03:00  INFO 29700 --- [main] liquibase.util                           : Run:                          0
2024-09-24T07:47:31.087+03:00  INFO 29700 --- [main] liquibase.util                           : Previously run:              32
2024-09-24T07:47:31.087+03:00  INFO 29700 --- [main] liquibase.util                           : Filtered out:                 0
2024-09-24T07:47:31.087+03:00  INFO 29700 --- [main] liquibase.util                           : -------------------------------
2024-09-24T07:47:31.087+03:00  INFO 29700 --- [main] liquibase.util                           : Total change sets:           32
2024-09-24T07:47:31.088+03:00  INFO 29700 --- [main] liquibase.util                           : Update summary generated
2024-09-24T07:47:31.127+03:00  INFO 29700 --- [main] liquibase.lockservice                    : Successfully released change log lock
2024-09-24T07:47:31.130+03:00  INFO 29700 --- [main] liquibase.command                        : Command execution complete
2024-09-24T07:47:31.320+03:00  INFO 29700 --- [main] o.hibernate.jpa.internal.util.LogHelper  : HHH000204: Processing PersistenceUnitInfo [name: default]
2024-09-24T07:47:31.430+03:00  INFO 29700 --- [main] org.hibernate.Version                    : HHH000412: Hibernate ORM core version 6.5.2.Final
2024-09-24T07:47:31.493+03:00  INFO 29700 --- [main] o.h.c.internal.RegionFactoryInitiator    : HHH000026: Second-level cache disabled
2024-09-24T07:47:32.148+03:00  INFO 29700 --- [main] o.s.o.j.p.SpringPersistenceUnitInfo      : No LoadTimeWeaver setup: ignoring JPA class transformer
2024-09-24T07:47:34.803+03:00  INFO 29700 --- [main] o.h.e.t.j.p.i.JtaPlatformInitiator       : HHH000489: No JTA platform available (set 'hibernate.transaction.jta.platform' to enable JTA platform integration)
2024-09-24T07:47:34.809+03:00  INFO 29700 --- [main] j.LocalContainerEntityManagerFactoryBean : Initialized JPA EntityManagerFactory for persistence unit 'default'
2024-09-24T07:47:35.505+03:00  INFO 29700 --- [main] c.k.r.impl.AddressRepositoryImplTest     : Started AddressRepositoryImplTest in 8.799 seconds (process running for 10.629)
2024-09-24T07:47:36.733+03:00  INFO 29700 --- [SpringApplicationShutdownHook] j.LocalContainerEntityManagerFactoryBean : Closing JPA EntityManagerFactory for persistence unit 'default'
2024-09-24T07:47:36.737+03:00  INFO 29700 --- [SpringApplicationShutdownHook] com.zaxxer.hikari.HikariDataSource       : HikariPool-1 - Shutdown initiated...
2024-09-24T07:47:36.749+03:00  INFO 29700 --- [SpringApplicationShutdownHook] com.zaxxer.hikari.HikariDataSource       : HikariPool-1 - Shutdown completed.
2024-09-24T07:49:41.960+03:00  INFO 28304 --- [main] c.k.r.impl.RestaurantRepositoryImplTest  : Starting RestaurantRepositoryImplTest using Java 22.0.2 with PID 28304 (started by Asus in D:\senla\main3\main)
2024-09-24T07:49:41.962+03:00  INFO 28304 --- [main] c.k.r.impl.RestaurantRepositoryImplTest  : The following 1 profile is active: "test"
2024-09-24T07:49:43.300+03:00  INFO 28304 --- [main] .s.d.r.c.RepositoryConfigurationDelegate : Bootstrapping Spring Data JPA repositories in DEFAULT mode.
2024-09-24T07:49:43.385+03:00  INFO 28304 --- [main] .s.d.r.c.RepositoryConfigurationDelegate : Finished Spring Data repository scanning in 66 ms. Found 0 JPA repository interfaces.
2024-09-24T07:49:44.241+03:00  INFO 28304 --- [main] com.zaxxer.hikari.HikariDataSource       : HikariPool-1 - Starting...
2024-09-24T07:49:44.699+03:00  INFO 28304 --- [main] com.zaxxer.hikari.pool.HikariPool        : HikariPool-1 - Added connection org.postgresql.jdbc.PgConnection@682abca7
2024-09-24T07:49:44.702+03:00  INFO 28304 --- [main] com.zaxxer.hikari.HikariDataSource       : HikariPool-1 - Start completed.
2024-09-24T07:49:44.965+03:00  INFO 28304 --- [main] liquibase.database                       : Set default schema name to public
2024-09-24T07:49:45.961+03:00  INFO 28304 --- [main] liquibase.changelog                      : Reading from public.databasechangelog
2024-09-24T07:49:46.121+03:00  INFO 28304 --- [main] liquibase.ui                             : Database is up to date, no changesets to execute
2024-09-24T07:49:46.126+03:00  INFO 28304 --- [main] liquibase.changelog                      : Reading from public.databasechangelog
2024-09-24T07:49:46.147+03:00  INFO 28304 --- [main] liquibase.util                           : UPDATE SUMMARY
2024-09-24T07:49:46.147+03:00  INFO 28304 --- [main] liquibase.util                           : Run:                          0
2024-09-24T07:49:46.148+03:00  INFO 28304 --- [main] liquibase.util                           : Previously run:              32
2024-09-24T07:49:46.148+03:00  INFO 28304 --- [main] liquibase.util                           : Filtered out:                 0
2024-09-24T07:49:46.148+03:00  INFO 28304 --- [main] liquibase.util                           : -------------------------------
2024-09-24T07:49:46.148+03:00  INFO 28304 --- [main] liquibase.util                           : Total change sets:           32
2024-09-24T07:49:46.149+03:00  INFO 28304 --- [main] liquibase.util                           : Update summary generated
2024-09-24T07:49:46.191+03:00  INFO 28304 --- [main] liquibase.lockservice                    : Successfully released change log lock
2024-09-24T07:49:46.194+03:00  INFO 28304 --- [main] liquibase.command                        : Command execution complete
2024-09-24T07:49:46.415+03:00  INFO 28304 --- [main] o.hibernate.jpa.internal.util.LogHelper  : HHH000204: Processing PersistenceUnitInfo [name: default]
2024-09-24T07:49:46.528+03:00  INFO 28304 --- [main] org.hibernate.Version                    : HHH000412: Hibernate ORM core version 6.5.2.Final
2024-09-24T07:49:46.588+03:00  INFO 28304 --- [main] o.h.c.internal.RegionFactoryInitiator    : HHH000026: Second-level cache disabled
2024-09-24T07:49:47.174+03:00  INFO 28304 --- [main] o.s.o.j.p.SpringPersistenceUnitInfo      : No LoadTimeWeaver setup: ignoring JPA class transformer
2024-09-24T07:49:49.760+03:00  INFO 28304 --- [main] o.h.e.t.j.p.i.JtaPlatformInitiator       : HHH000489: No JTA platform available (set 'hibernate.transaction.jta.platform' to enable JTA platform integration)
2024-09-24T07:49:49.765+03:00  INFO 28304 --- [main] j.LocalContainerEntityManagerFactoryBean : Initialized JPA EntityManagerFactory for persistence unit 'default'
2024-09-24T07:49:50.451+03:00  INFO 28304 --- [main] c.k.r.impl.RestaurantRepositoryImplTest  : Started RestaurantRepositoryImplTest in 9.249 seconds (process running for 11.065)
2024-09-24T07:49:51.906+03:00  INFO 28304 --- [SpringApplicationShutdownHook] j.LocalContainerEntityManagerFactoryBean : Closing JPA EntityManagerFactory for persistence unit 'default'
2024-09-24T07:49:51.911+03:00  INFO 28304 --- [SpringApplicationShutdownHook] com.zaxxer.hikari.HikariDataSource       : HikariPool-1 - Shutdown initiated...
2024-09-24T07:49:51.916+03:00  INFO 28304 --- [SpringApplicationShutdownHook] com.zaxxer.hikari.HikariDataSource       : HikariPool-1 - Shutdown completed.
2024-09-24T07:50:06.627+03:00  INFO 19296 --- [main] c.k.r.impl.CategoryRepositoryImplTest    : Starting CategoryRepositoryImplTest using Java 22.0.2 with PID 19296 (started by Asus in D:\senla\main3\main)
2024-09-24T07:50:06.629+03:00  INFO 19296 --- [main] c.k.r.impl.CategoryRepositoryImplTest    : The following 1 profile is active: "test"
2024-09-24T07:50:07.565+03:00  INFO 19296 --- [main] .s.d.r.c.RepositoryConfigurationDelegate : Bootstrapping Spring Data JPA repositories in DEFAULT mode.
2024-09-24T07:50:07.631+03:00  INFO 19296 --- [main] .s.d.r.c.RepositoryConfigurationDelegate : Finished Spring Data repository scanning in 53 ms. Found 0 JPA repository interfaces.
2024-09-24T07:50:08.429+03:00  INFO 19296 --- [main] com.zaxxer.hikari.HikariDataSource       : HikariPool-1 - Starting...
2024-09-24T07:50:08.849+03:00  INFO 19296 --- [main] com.zaxxer.hikari.pool.HikariPool        : HikariPool-1 - Added connection org.postgresql.jdbc.PgConnection@405b6d75
2024-09-24T07:50:08.852+03:00  INFO 19296 --- [main] com.zaxxer.hikari.HikariDataSource       : HikariPool-1 - Start completed.
2024-09-24T07:50:09.122+03:00  INFO 19296 --- [main] liquibase.database                       : Set default schema name to public
2024-09-24T07:50:10.051+03:00  INFO 19296 --- [main] liquibase.changelog                      : Reading from public.databasechangelog
2024-09-24T07:50:10.204+03:00  INFO 19296 --- [main] liquibase.ui                             : Database is up to date, no changesets to execute
2024-09-24T07:50:10.207+03:00  INFO 19296 --- [main] liquibase.changelog                      : Reading from public.databasechangelog
2024-09-24T07:50:10.228+03:00  INFO 19296 --- [main] liquibase.util                           : UPDATE SUMMARY
2024-09-24T07:50:10.228+03:00  INFO 19296 --- [main] liquibase.util                           : Run:                          0
2024-09-24T07:50:10.228+03:00  INFO 19296 --- [main] liquibase.util                           : Previously run:              32
2024-09-24T07:50:10.228+03:00  INFO 19296 --- [main] liquibase.util                           : Filtered out:                 0
2024-09-24T07:50:10.229+03:00  INFO 19296 --- [main] liquibase.util                           : -------------------------------
2024-09-24T07:50:10.229+03:00  INFO 19296 --- [main] liquibase.util                           : Total change sets:           32
2024-09-24T07:50:10.230+03:00  INFO 19296 --- [main] liquibase.util                           : Update summary generated
2024-09-24T07:50:10.264+03:00  INFO 19296 --- [main] liquibase.lockservice                    : Successfully released change log lock
2024-09-24T07:50:10.267+03:00  INFO 19296 --- [main] liquibase.command                        : Command execution complete
2024-09-24T07:50:10.450+03:00  INFO 19296 --- [main] o.hibernate.jpa.internal.util.LogHelper  : HHH000204: Processing PersistenceUnitInfo [name: default]
2024-09-24T07:50:10.567+03:00  INFO 19296 --- [main] org.hibernate.Version                    : HHH000412: Hibernate ORM core version 6.5.2.Final
2024-09-24T07:50:10.625+03:00  INFO 19296 --- [main] o.h.c.internal.RegionFactoryInitiator    : HHH000026: Second-level cache disabled
2024-09-24T07:50:11.248+03:00  INFO 19296 --- [main] o.s.o.j.p.SpringPersistenceUnitInfo      : No LoadTimeWeaver setup: ignoring JPA class transformer
2024-09-24T07:50:13.815+03:00  INFO 19296 --- [main] o.h.e.t.j.p.i.JtaPlatformInitiator       : HHH000489: No JTA platform available (set 'hibernate.transaction.jta.platform' to enable JTA platform integration)
2024-09-24T07:50:13.820+03:00  INFO 19296 --- [main] j.LocalContainerEntityManagerFactoryBean : Initialized JPA EntityManagerFactory for persistence unit 'default'
2024-09-24T07:50:14.451+03:00  INFO 19296 --- [main] c.k.r.impl.CategoryRepositoryImplTest    : Started CategoryRepositoryImplTest in 8.584 seconds (process running for 10.362)
2024-09-24T07:50:16.704+03:00  INFO 19296 --- [SpringApplicationShutdownHook] j.LocalContainerEntityManagerFactoryBean : Closing JPA EntityManagerFactory for persistence unit 'default'
2024-09-24T07:50:16.709+03:00  INFO 19296 --- [SpringApplicationShutdownHook] com.zaxxer.hikari.HikariDataSource       : HikariPool-1 - Shutdown initiated...
2024-09-24T07:50:16.717+03:00  INFO 19296 --- [SpringApplicationShutdownHook] com.zaxxer.hikari.HikariDataSource       : HikariPool-1 - Shutdown completed.
2024-09-24T07:52:26.678+03:00  INFO 16440 --- [main] c.k.r.impl.CategoryRepositoryImplTest    : Starting CategoryRepositoryImplTest using Java 22.0.2 with PID 16440 (started by Asus in D:\senla\main3\main)
2024-09-24T07:52:26.681+03:00  INFO 16440 --- [main] c.k.r.impl.CategoryRepositoryImplTest    : The following 1 profile is active: "test"
2024-09-24T07:52:27.681+03:00  INFO 16440 --- [main] .s.d.r.c.RepositoryConfigurationDelegate : Bootstrapping Spring Data JPA repositories in DEFAULT mode.
2024-09-24T07:52:27.743+03:00  INFO 16440 --- [main] .s.d.r.c.RepositoryConfigurationDelegate : Finished Spring Data repository scanning in 48 ms. Found 0 JPA repository interfaces.
2024-09-24T07:52:28.481+03:00  INFO 16440 --- [main] com.zaxxer.hikari.HikariDataSource       : HikariPool-1 - Starting...
2024-09-24T07:52:28.907+03:00  INFO 16440 --- [main] com.zaxxer.hikari.pool.HikariPool        : HikariPool-1 - Added connection org.postgresql.jdbc.PgConnection@29be997f
2024-09-24T07:52:28.911+03:00  INFO 16440 --- [main] com.zaxxer.hikari.HikariDataSource       : HikariPool-1 - Start completed.
2024-09-24T07:52:29.155+03:00  INFO 16440 --- [main] liquibase.database                       : Set default schema name to public
2024-09-24T07:52:30.049+03:00  INFO 16440 --- [main] liquibase.changelog                      : Reading from public.databasechangelog
2024-09-24T07:52:30.208+03:00  INFO 16440 --- [main] liquibase.ui                             : Database is up to date, no changesets to execute
2024-09-24T07:52:30.212+03:00  INFO 16440 --- [main] liquibase.changelog                      : Reading from public.databasechangelog
2024-09-24T07:52:30.231+03:00  INFO 16440 --- [main] liquibase.util                           : UPDATE SUMMARY
2024-09-24T07:52:30.232+03:00  INFO 16440 --- [main] liquibase.util                           : Run:                          0
2024-09-24T07:52:30.232+03:00  INFO 16440 --- [main] liquibase.util                           : Previously run:              32
2024-09-24T07:52:30.232+03:00  INFO 16440 --- [main] liquibase.util                           : Filtered out:                 0
2024-09-24T07:52:30.232+03:00  INFO 16440 --- [main] liquibase.util                           : -------------------------------
2024-09-24T07:52:30.232+03:00  INFO 16440 --- [main] liquibase.util                           : Total change sets:           32
2024-09-24T07:52:30.234+03:00  INFO 16440 --- [main] liquibase.util                           : Update summary generated
2024-09-24T07:52:30.273+03:00  INFO 16440 --- [main] liquibase.lockservice                    : Successfully released change log lock
2024-09-24T07:52:30.276+03:00  INFO 16440 --- [main] liquibase.command                        : Command execution complete
2024-09-24T07:52:30.456+03:00  INFO 16440 --- [main] o.hibernate.jpa.internal.util.LogHelper  : HHH000204: Processing PersistenceUnitInfo [name: default]
2024-09-24T07:52:30.572+03:00  INFO 16440 --- [main] org.hibernate.Version                    : HHH000412: Hibernate ORM core version 6.5.2.Final
2024-09-24T07:52:30.632+03:00  INFO 16440 --- [main] o.h.c.internal.RegionFactoryInitiator    : HHH000026: Second-level cache disabled
2024-09-24T07:52:31.293+03:00  INFO 16440 --- [main] o.s.o.j.p.SpringPersistenceUnitInfo      : No LoadTimeWeaver setup: ignoring JPA class transformer
2024-09-24T07:52:33.915+03:00  INFO 16440 --- [main] o.h.e.t.j.p.i.JtaPlatformInitiator       : HHH000489: No JTA platform available (set 'hibernate.transaction.jta.platform' to enable JTA platform integration)
2024-09-24T07:52:33.920+03:00  INFO 16440 --- [main] j.LocalContainerEntityManagerFactoryBean : Initialized JPA EntityManagerFactory for persistence unit 'default'
2024-09-24T07:52:34.649+03:00  INFO 16440 --- [main] c.k.r.impl.CategoryRepositoryImplTest    : Started CategoryRepositoryImplTest in 8.731 seconds (process running for 10.52)
2024-09-24T07:52:36.832+03:00  INFO 16440 --- [SpringApplicationShutdownHook] j.LocalContainerEntityManagerFactoryBean : Closing JPA EntityManagerFactory for persistence unit 'default'
2024-09-24T07:52:36.837+03:00  INFO 16440 --- [SpringApplicationShutdownHook] com.zaxxer.hikari.HikariDataSource       : HikariPool-1 - Shutdown initiated...
2024-09-24T07:52:36.844+03:00  INFO 16440 --- [SpringApplicationShutdownHook] com.zaxxer.hikari.HikariDataSource       : HikariPool-1 - Shutdown completed.
2024-09-24T07:53:01.962+03:00  INFO 25552 --- [main] c.k.r.impl.CategoryRepositoryImplTest    : Starting CategoryRepositoryImplTest using Java 22.0.2 with PID 25552 (started by Asus in D:\senla\main3\main)
2024-09-24T07:53:01.966+03:00  INFO 25552 --- [main] c.k.r.impl.CategoryRepositoryImplTest    : The following 1 profile is active: "test"
2024-09-24T07:53:02.984+03:00  INFO 25552 --- [main] .s.d.r.c.RepositoryConfigurationDelegate : Bootstrapping Spring Data JPA repositories in DEFAULT mode.
2024-09-24T07:53:03.068+03:00  INFO 25552 --- [main] .s.d.r.c.RepositoryConfigurationDelegate : Finished Spring Data repository scanning in 70 ms. Found 0 JPA repository interfaces.
2024-09-24T07:53:03.942+03:00  INFO 25552 --- [main] com.zaxxer.hikari.HikariDataSource       : HikariPool-1 - Starting...
2024-09-24T07:53:04.359+03:00  INFO 25552 --- [main] com.zaxxer.hikari.pool.HikariPool        : HikariPool-1 - Added connection org.postgresql.jdbc.PgConnection@1a07bf6
2024-09-24T07:53:04.363+03:00  INFO 25552 --- [main] com.zaxxer.hikari.HikariDataSource       : HikariPool-1 - Start completed.
2024-09-24T07:53:04.657+03:00  INFO 25552 --- [main] liquibase.database                       : Set default schema name to public
2024-09-24T07:53:05.690+03:00  INFO 25552 --- [main] liquibase.changelog                      : Reading from public.databasechangelog
2024-09-24T07:53:05.908+03:00  INFO 25552 --- [main] liquibase.ui                             : Database is up to date, no changesets to execute
2024-09-24T07:53:05.912+03:00  INFO 25552 --- [main] liquibase.changelog                      : Reading from public.databasechangelog
2024-09-24T07:53:05.931+03:00  INFO 25552 --- [main] liquibase.util                           : UPDATE SUMMARY
2024-09-24T07:53:05.931+03:00  INFO 25552 --- [main] liquibase.util                           : Run:                          0
2024-09-24T07:53:05.931+03:00  INFO 25552 --- [main] liquibase.util                           : Previously run:              32
2024-09-24T07:53:05.931+03:00  INFO 25552 --- [main] liquibase.util                           : Filtered out:                 0
2024-09-24T07:53:05.931+03:00  INFO 25552 --- [main] liquibase.util                           : -------------------------------
2024-09-24T07:53:05.932+03:00  INFO 25552 --- [main] liquibase.util                           : Total change sets:           32
2024-09-24T07:53:05.933+03:00  INFO 25552 --- [main] liquibase.util                           : Update summary generated
2024-09-24T07:53:05.971+03:00  INFO 25552 --- [main] liquibase.lockservice                    : Successfully released change log lock
2024-09-24T07:53:05.974+03:00  INFO 25552 --- [main] liquibase.command                        : Command execution complete
2024-09-24T07:53:06.183+03:00  INFO 25552 --- [main] o.hibernate.jpa.internal.util.LogHelper  : HHH000204: Processing PersistenceUnitInfo [name: default]
2024-09-24T07:53:06.314+03:00  INFO 25552 --- [main] org.hibernate.Version                    : HHH000412: Hibernate ORM core version 6.5.2.Final
2024-09-24T07:53:06.398+03:00  INFO 25552 --- [main] o.h.c.internal.RegionFactoryInitiator    : HHH000026: Second-level cache disabled
2024-09-24T07:53:07.054+03:00  INFO 25552 --- [main] o.s.o.j.p.SpringPersistenceUnitInfo      : No LoadTimeWeaver setup: ignoring JPA class transformer
2024-09-24T07:53:09.734+03:00  INFO 25552 --- [main] o.h.e.t.j.p.i.JtaPlatformInitiator       : HHH000489: No JTA platform available (set 'hibernate.transaction.jta.platform' to enable JTA platform integration)
2024-09-24T07:53:09.739+03:00  INFO 25552 --- [main] j.LocalContainerEntityManagerFactoryBean : Initialized JPA EntityManagerFactory for persistence unit 'default'
2024-09-24T07:53:10.467+03:00  INFO 25552 --- [main] c.k.r.impl.CategoryRepositoryImplTest    : Started CategoryRepositoryImplTest in 9.43 seconds (process running for 11.186)
2024-09-24T07:53:12.531+03:00  INFO 25552 --- [SpringApplicationShutdownHook] j.LocalContainerEntityManagerFactoryBean : Closing JPA EntityManagerFactory for persistence unit 'default'
2024-09-24T07:53:12.535+03:00  INFO 25552 --- [SpringApplicationShutdownHook] com.zaxxer.hikari.HikariDataSource       : HikariPool-1 - Shutdown initiated...
2024-09-24T07:53:12.541+03:00  INFO 25552 --- [SpringApplicationShutdownHook] com.zaxxer.hikari.HikariDataSource       : HikariPool-1 - Shutdown completed.
2024-09-24T08:12:22.064+03:00  INFO 9744 --- [main] c.k.r.impl.CategoryRepositoryImplTest    : Starting CategoryRepositoryImplTest using Java 22.0.2 with PID 9744 (started by Asus in D:\senla\main3\main)
2024-09-24T08:12:22.068+03:00  INFO 9744 --- [main] c.k.r.impl.CategoryRepositoryImplTest    : The following 1 profile is active: "test"
2024-09-24T08:12:24.084+03:00  INFO 9744 --- [main] .s.d.r.c.RepositoryConfigurationDelegate : Bootstrapping Spring Data JPA repositories in DEFAULT mode.
2024-09-24T08:12:24.152+03:00  INFO 9744 --- [main] .s.d.r.c.RepositoryConfigurationDelegate : Finished Spring Data repository scanning in 56 ms. Found 0 JPA repository interfaces.
2024-09-24T08:12:25.006+03:00  INFO 9744 --- [main] com.zaxxer.hikari.HikariDataSource       : HikariPool-1 - Starting...
2024-09-24T08:12:25.413+03:00  INFO 9744 --- [main] com.zaxxer.hikari.pool.HikariPool        : HikariPool-1 - Added connection conn0: url=jdbc:h2:mem:testdb user=POSTGRES
2024-09-24T08:12:25.418+03:00  INFO 9744 --- [main] com.zaxxer.hikari.HikariDataSource       : HikariPool-1 - Start completed.
2024-09-24T08:12:25.566+03:00  INFO 9744 --- [main] liquibase.database                       : Set default schema name to PUBLIC
2024-09-24T08:12:26.401+03:00  INFO 9744 --- [main] liquibase.changelog                      : Creating database history table with name: PUBLIC.DATABASECHANGELOG
2024-09-24T08:12:26.596+03:00  INFO 9744 --- [main] liquibase.changelog                      : Reading from PUBLIC.DATABASECHANGELOG
2024-09-24T08:12:26.735+03:00  INFO 9744 --- [main] liquibase.lockservice                    : Successfully acquired change log lock
2024-09-24T08:12:26.736+03:00  INFO 9744 --- [main] liquibase.command                        : Using deploymentId: 7154746736
2024-09-24T08:12:26.739+03:00  INFO 9744 --- [main] liquibase.changelog                      : Reading from PUBLIC.DATABASECHANGELOG
2024-09-24T08:12:26.930+03:00  INFO 9744 --- [main] liquibase.ui                             : Running Changeset: db/changelog/changelog.xml::homework-2-role::Sergej Grigorik
2024-09-24T08:12:26.998+03:00  INFO 9744 --- [main] liquibase.changelog                      : SQL in file ./sql/01.create-table-role.sql executed
2024-09-24T08:12:26.999+03:00  INFO 9744 --- [main] liquibase.changelog                      : ChangeSet db/changelog/changelog.xml::homework-2-role::Sergej Grigorik ran successfully in 67ms
2024-09-24T08:12:27.019+03:00  INFO 9744 --- [main] liquibase.ui                             : Running Changeset: db/changelog/changelog.xml::homework-2-privilege::Sergej Grigorik
2024-09-24T08:12:27.031+03:00  INFO 9744 --- [main] liquibase.changelog                      : SQL in file ./sql/02.create-table-privilege.sql executed
2024-09-24T08:12:27.032+03:00  INFO 9744 --- [main] liquibase.changelog                      : ChangeSet db/changelog/changelog.xml::homework-2-privilege::Sergej Grigorik ran successfully in 12ms
2024-09-24T08:12:27.040+03:00  INFO 9744 --- [main] liquibase.ui                             : Running Changeset: db/changelog/changelog.xml::homework-2-role-privilege::Sergej Grigorik
2024-09-24T08:12:27.059+03:00  INFO 9744 --- [main] liquibase.changelog                      : SQL in file ./sql/03.create-table-role-privilege.sql executed
2024-09-24T08:12:27.060+03:00  INFO 9744 --- [main] liquibase.changelog                      : ChangeSet db/changelog/changelog.xml::homework-2-role-privilege::Sergej Grigorik ran successfully in 19ms
2024-09-24T08:12:27.067+03:00  INFO 9744 --- [main] liquibase.ui                             : Running Changeset: db/changelog/changelog.xml::homework-2-region::Sergej Grigorik
2024-09-24T08:12:27.078+03:00  INFO 9744 --- [main] liquibase.changelog                      : SQL in file ./sql/04.create-table-region.sql executed
2024-09-24T08:12:27.079+03:00  INFO 9744 --- [main] liquibase.changelog                      : ChangeSet db/changelog/changelog.xml::homework-2-region::Sergej Grigorik ran successfully in 11ms
2024-09-24T08:12:27.084+03:00  INFO 9744 --- [main] liquibase.ui                             : Running Changeset: db/changelog/changelog.xml::homework-2-city::Sergej Grigorik
2024-09-24T08:12:27.095+03:00  INFO 9744 --- [main] liquibase.changelog                      : SQL in file ./sql/05.create-table-city.sql executed
2024-09-24T08:12:27.096+03:00  INFO 9744 --- [main] liquibase.changelog                      : ChangeSet db/changelog/changelog.xml::homework-2-city::Sergej Grigorik ran successfully in 11ms
2024-09-24T08:12:27.102+03:00  INFO 9744 --- [main] liquibase.ui                             : Running Changeset: db/changelog/changelog.xml::homework-2-address::Sergej Grigorik
2024-09-24T08:12:27.119+03:00  INFO 9744 --- [main] liquibase.changelog                      : SQL in file ./sql/06.create-table-address.sql executed
2024-09-24T08:12:27.120+03:00  INFO 9744 --- [main] liquibase.changelog                      : ChangeSet db/changelog/changelog.xml::homework-2-address::Sergej Grigorik ran successfully in 17ms
2024-09-24T08:12:27.125+03:00  INFO 9744 --- [main] liquibase.ui                             : Running Changeset: db/changelog/changelog.xml::homework-2-payment-card::Sergej Grigorik
2024-09-24T08:12:27.138+03:00  INFO 9744 --- [main] liquibase.changelog                      : SQL in file ./sql/07.create-table-payment-card.sql executed
2024-09-24T08:12:27.139+03:00  INFO 9744 --- [main] liquibase.changelog                      : ChangeSet db/changelog/changelog.xml::homework-2-payment-card::Sergej Grigorik ran successfully in 13ms
2024-09-24T08:12:27.143+03:00  INFO 9744 --- [main] liquibase.ui                             : Running Changeset: db/changelog/changelog.xml::homework-2-restaurant-chain::Sergej Grigorik
2024-09-24T08:12:27.151+03:00  INFO 9744 --- [main] liquibase.changelog                      : SQL in file ./sql/08.create-table-restaurant-chain.sql executed
2024-09-24T08:12:27.152+03:00  INFO 9744 --- [main] liquibase.changelog                      : ChangeSet db/changelog/changelog.xml::homework-2-restaurant-chain::Sergej Grigorik ran successfully in 8ms
2024-09-24T08:12:27.158+03:00  INFO 9744 --- [main] liquibase.ui                             : Running Changeset: db/changelog/changelog.xml::homework-2-profile::Sergej Grigorik
2024-09-24T08:12:27.167+03:00  INFO 9744 --- [main] liquibase.changelog                      : SQL in file ./sql/09.create-table-profile.sql executed
2024-09-24T08:12:27.168+03:00  INFO 9744 --- [main] liquibase.changelog                      : ChangeSet db/changelog/changelog.xml::homework-2-profile::Sergej Grigorik ran successfully in 10ms
2024-09-24T08:12:27.174+03:00  INFO 9744 --- [main] liquibase.ui                             : Running Changeset: db/changelog/changelog.xml::homework-2-restaurant::Sergej Grigorik
2024-09-24T08:12:27.187+03:00  INFO 9744 --- [main] liquibase.changelog                      : SQL in file ./sql/10.create-table-restaurant.sql executed
2024-09-24T08:12:27.188+03:00  INFO 9744 --- [main] liquibase.changelog                      : ChangeSet db/changelog/changelog.xml::homework-2-restaurant::Sergej Grigorik ran successfully in 14ms
2024-09-24T08:12:27.192+03:00  INFO 9744 --- [main] liquibase.ui                             : Running Changeset: db/changelog/changelog.xml::homework-2-application_user::Sergej Grigorik
2024-09-24T08:12:27.203+03:00  INFO 9744 --- [main] liquibase.changelog                      : SQL in file sql/11.create-table-application-user.sql executed
2024-09-24T08:12:27.204+03:00  INFO 9744 --- [main] liquibase.changelog                      : ChangeSet db/changelog/changelog.xml::homework-2-application_user::Sergej Grigorik ran successfully in 12ms
2024-09-24T08:12:27.209+03:00  INFO 9744 --- [main] liquibase.ui                             : Running Changeset: db/changelog/changelog.xml::homework-2-user-card::Sergej Grigorik
2024-09-24T08:12:27.219+03:00  INFO 9744 --- [main] liquibase.changelog                      : SQL in file sql/12.create-table-application-user-card.sql executed
2024-09-24T08:12:27.219+03:00  INFO 9744 --- [main] liquibase.changelog                      : ChangeSet db/changelog/changelog.xml::homework-2-user-card::Sergej Grigorik ran successfully in 9ms
2024-09-24T08:12:27.224+03:00  INFO 9744 --- [main] liquibase.ui                             : Running Changeset: db/changelog/changelog.xml::homework-2-restaurant-operator::Sergej Grigorik
2024-09-24T08:12:27.233+03:00  INFO 9744 --- [main] liquibase.changelog                      : SQL in file ./sql/13.create-table-restaurant-operator.sql executed
2024-09-24T08:12:27.233+03:00  INFO 9744 --- [main] liquibase.changelog                      : ChangeSet db/changelog/changelog.xml::homework-2-restaurant-operator::Sergej Grigorik ran successfully in 8ms
2024-09-24T08:12:27.240+03:00  INFO 9744 --- [main] liquibase.ui                             : Running Changeset: db/changelog/changelog.xml::homework-2-courier::Sergej Grigorik
2024-09-24T08:12:27.249+03:00  INFO 9744 --- [main] liquibase.changelog                      : SQL in file ./sql/14.create-table-courier.sql executed
2024-09-24T08:12:27.250+03:00  INFO 9744 --- [main] liquibase.changelog                      : ChangeSet db/changelog/changelog.xml::homework-2-courier::Sergej Grigorik ran successfully in 10ms
2024-09-24T08:12:27.257+03:00  INFO 9744 --- [main] liquibase.ui                             : Running Changeset: db/changelog/changelog.xml::homework-2-schedule-courier::Sergej Grigorik
2024-09-24T08:12:27.268+03:00  INFO 9744 --- [main] liquibase.changelog                      : SQL in file ./sql/16.create-table-schedule-courier.sql executed
2024-09-24T08:12:27.268+03:00  INFO 9744 --- [main] liquibase.changelog                      : ChangeSet db/changelog/changelog.xml::homework-2-schedule-courier::Sergej Grigorik ran successfully in 11ms
2024-09-24T08:12:27.275+03:00  INFO 9744 --- [main] liquibase.ui                             : Running Changeset: db/changelog/changelog.xml::homework-2-schedule-restaurant::Sergej Grigorik
2024-09-24T08:12:27.284+03:00  INFO 9744 --- [main] liquibase.changelog                      : SQL in file ./sql/17.create-table-schedule-restaurant.sql executed
2024-09-24T08:12:27.285+03:00  INFO 9744 --- [main] liquibase.changelog                      : ChangeSet db/changelog/changelog.xml::homework-2-schedule-restaurant::Sergej Grigorik ran successfully in 10ms
2024-09-24T08:12:27.290+03:00  INFO 9744 --- [main] liquibase.ui                             : Running Changeset: db/changelog/changelog.xml::homework-2-category::Sergej Grigorik
2024-09-24T08:12:27.297+03:00  INFO 9744 --- [main] liquibase.changelog                      : SQL in file ./sql/18.create-table-category.sql executed
2024-09-24T08:12:27.298+03:00  INFO 9744 --- [main] liquibase.changelog                      : ChangeSet db/changelog/changelog.xml::homework-2-category::Sergej Grigorik ran successfully in 7ms
2024-09-24T08:12:27.304+03:00  INFO 9744 --- [main] liquibase.ui                             : Running Changeset: db/changelog/changelog.xml::homework-2-pfcc::Sergej Grigorik
2024-09-24T08:12:27.312+03:00  INFO 9744 --- [main] liquibase.changelog                      : SQL in file ./sql/19.create-table-pfcc.sql executed
2024-09-24T08:12:27.312+03:00  INFO 9744 --- [main] liquibase.changelog                      : ChangeSet db/changelog/changelog.xml::homework-2-pfcc::Sergej Grigorik ran successfully in 7ms
2024-09-24T08:12:27.318+03:00  INFO 9744 --- [main] liquibase.ui                             : Running Changeset: db/changelog/changelog.xml::homework-2-dish::Sergej Grigorik
2024-09-24T08:12:27.327+03:00  INFO 9744 --- [main] liquibase.changelog                      : SQL in file ./sql/20.create-table-dish.sql executed
2024-09-24T08:12:27.328+03:00  INFO 9744 --- [main] liquibase.changelog                      : ChangeSet db/changelog/changelog.xml::homework-2-dish::Sergej Grigorik ran successfully in 8ms
2024-09-24T08:12:27.331+03:00  INFO 9744 --- [main] liquibase.ui                             : Running Changeset: db/changelog/changelog.xml::homework-2-ingredient::Sergej Grigorik
2024-09-24T08:12:27.337+03:00  INFO 9744 --- [main] liquibase.changelog                      : SQL in file ./sql/21.create-table-ingredient.sql executed
2024-09-24T08:12:27.338+03:00  INFO 9744 --- [main] liquibase.changelog                      : ChangeSet db/changelog/changelog.xml::homework-2-ingredient::Sergej Grigorik ran successfully in 6ms
2024-09-24T08:12:27.341+03:00  INFO 9744 --- [main] liquibase.ui                             : Running Changeset: db/changelog/changelog.xml::homework-2-basket::Sergej Grigorik
2024-09-24T08:12:27.348+03:00  INFO 9744 --- [main] liquibase.changelog                      : SQL in file ./sql/24.create-table-basket.sql executed
2024-09-24T08:12:27.348+03:00  INFO 9744 --- [main] liquibase.changelog                      : ChangeSet db/changelog/changelog.xml::homework-2-basket::Sergej Grigorik ran successfully in 6ms
2024-09-24T08:12:27.352+03:00  INFO 9744 --- [main] liquibase.ui                             : Running Changeset: db/changelog/changelog.xml::homework-2-basket-item::Sergej Grigorik
2024-09-24T08:12:27.360+03:00  INFO 9744 --- [main] liquibase.changelog                      : SQL in file ./sql/25.create-table-basket-item.sql executed
2024-09-24T08:12:27.361+03:00  INFO 9744 --- [main] liquibase.changelog                      : ChangeSet db/changelog/changelog.xml::homework-2-basket-item::Sergej Grigorik ran successfully in 8ms
2024-09-24T08:12:27.366+03:00  INFO 9744 --- [main] liquibase.ui                             : Running Changeset: db/changelog/changelog.xml::homework-2-basket-ingredients-dish::Sergej Grigorik
2024-09-24T08:12:27.374+03:00  INFO 9744 --- [main] liquibase.changelog                      : SQL in file ./sql/26.create-table-basket-ingredient-dish.sql executed
2024-09-24T08:12:27.375+03:00  INFO 9744 --- [main] liquibase.changelog                      : ChangeSet db/changelog/changelog.xml::homework-2-basket-ingredients-dish::Sergej Grigorik ran successfully in 7ms
2024-09-24T08:12:27.379+03:00  INFO 9744 --- [main] liquibase.ui                             : Running Changeset: db/changelog/changelog.xml::homework-2-coupon::Sergej Grigorik
2024-09-24T08:12:27.387+03:00  INFO 9744 --- [main] liquibase.changelog                      : SQL in file ./sql/27.create-table-coupon.sql executed
2024-09-24T08:12:27.388+03:00  INFO 9744 --- [main] liquibase.changelog                      : ChangeSet db/changelog/changelog.xml::homework-2-coupon::Sergej Grigorik ran successfully in 8ms
2024-09-24T08:12:27.392+03:00  INFO 9744 --- [main] liquibase.ui                             : Running Changeset: db/changelog/changelog.xml::homework-2-order::Sergej Grigorik
2024-09-24T08:12:27.401+03:00  INFO 9744 --- [main] liquibase.changelog                      : SQL in file sql/28.create-table-booking.sql executed
2024-09-24T08:12:27.402+03:00  INFO 9744 --- [main] liquibase.changelog                      : ChangeSet db/changelog/changelog.xml::homework-2-order::Sergej Grigorik ran successfully in 8ms
2024-09-24T08:12:27.406+03:00  INFO 9744 --- [main] liquibase.ui                             : Running Changeset: db/changelog/changelog.xml::homework-2-delivery::Sergej Grigorik
2024-09-24T08:12:27.413+03:00  INFO 9744 --- [main] liquibase.changelog                      : SQL in file ./sql/29.create-table-delivery.sql executed
2024-09-24T08:12:27.413+03:00  INFO 9744 --- [main] liquibase.changelog                      : ChangeSet db/changelog/changelog.xml::homework-2-delivery::Sergej Grigorik ran successfully in 7ms
2024-09-24T08:12:27.418+03:00  INFO 9744 --- [main] liquibase.ui                             : Running Changeset: db/changelog/changelog.xml::homework-2-order-item::Sergej Grigorik
2024-09-24T08:12:27.425+03:00  INFO 9744 --- [main] liquibase.changelog                      : SQL in file sql/31.create-table-booking-item.sql executed
2024-09-24T08:12:27.426+03:00  INFO 9744 --- [main] liquibase.changelog                      : ChangeSet db/changelog/changelog.xml::homework-2-order-item::Sergej Grigorik ran successfully in 8ms
2024-09-24T08:12:27.433+03:00  INFO 9744 --- [main] liquibase.ui                             : Running Changeset: db/changelog/changelog.xml::homework-2-ingredient-dish::Sergej Grigorik
2024-09-24T08:12:27.441+03:00  INFO 9744 --- [main] liquibase.changelog                      : SQL in file ./sql/32.create-table-ingredient-dish.sql executed
2024-09-24T08:12:27.442+03:00  INFO 9744 --- [main] liquibase.changelog                      : ChangeSet db/changelog/changelog.xml::homework-2-ingredient-dish::Sergej Grigorik ran successfully in 9ms
2024-09-24T08:12:27.447+03:00  INFO 9744 --- [main] liquibase.ui                             : Running Changeset: db/changelog/changelog.xml::homework-2-rating::Sergej Grigorik
2024-09-24T08:12:27.456+03:00  INFO 9744 --- [main] liquibase.changelog                      : SQL in file ./sql/33.create-table-rating.sql executed
2024-09-24T08:12:27.457+03:00  INFO 9744 --- [main] liquibase.changelog                      : ChangeSet db/changelog/changelog.xml::homework-2-rating::Sergej Grigorik ran successfully in 9ms
2024-09-24T08:12:27.462+03:00  INFO 9744 --- [main] liquibase.ui                             : Running Changeset: db/changelog/changelog.xml::homework-2-bank::Sergej Grigorik
2024-09-24T08:12:27.471+03:00  INFO 9744 --- [main] liquibase.changelog                      : SQL in file ./sql/34.create-table-bank.sql executed
2024-09-24T08:12:27.472+03:00  INFO 9744 --- [main] liquibase.changelog                      : ChangeSet db/changelog/changelog.xml::homework-2-bank::Sergej Grigorik ran successfully in 8ms
2024-09-24T08:12:27.477+03:00  INFO 9744 --- [main] liquibase.ui                             : Running Changeset: db/changelog/changelog.xml::homework-2-index::Sergej Grigorik
2024-09-24T08:12:27.510+03:00  INFO 9744 --- [main] liquibase.changelog                      : SQL in file ./sql/35.create-index.sql executed
2024-09-24T08:12:27.511+03:00  INFO 9744 --- [main] liquibase.changelog                      : ChangeSet db/changelog/changelog.xml::homework-2-index::Sergej Grigorik ran successfully in 34ms
2024-09-24T08:12:27.517+03:00  INFO 9744 --- [main] liquibase.ui                             : Running Changeset: db/changelog/changelog.xml::homework-5-insert::Sergej Grigorik
2024-09-24T08:12:27.582+03:00  INFO 9744 --- [main] liquibase.changelog                      : SQL in file ./sql/36.insert-data.sql executed
2024-09-24T08:12:27.584+03:00  INFO 9744 --- [main] liquibase.changelog                      : ChangeSet db/changelog/changelog.xml::homework-5-insert::Sergej Grigorik ran successfully in 67ms
2024-09-24T08:12:27.601+03:00  INFO 9744 --- [main] liquibase.util                           : UPDATE SUMMARY
2024-09-24T08:12:27.601+03:00  INFO 9744 --- [main] liquibase.util                           : Run:                         32
2024-09-24T08:12:27.601+03:00  INFO 9744 --- [main] liquibase.util                           : Previously run:               0
2024-09-24T08:12:27.601+03:00  INFO 9744 --- [main] liquibase.util                           : Filtered out:                 0
2024-09-24T08:12:27.601+03:00  INFO 9744 --- [main] liquibase.util                           : -------------------------------
2024-09-24T08:12:27.602+03:00  INFO 9744 --- [main] liquibase.util                           : Total change sets:           32
2024-09-24T08:12:27.603+03:00  INFO 9744 --- [main] liquibase.util                           : Update summary generated
2024-09-24T08:12:27.608+03:00  INFO 9744 --- [main] liquibase.command                        : Update command completed successfully.
2024-09-24T08:12:27.609+03:00  INFO 9744 --- [main] liquibase.ui                             : Liquibase: Update has been successful. Rows affected: 118
2024-09-24T08:12:27.612+03:00  INFO 9744 --- [main] liquibase.lockservice                    : Successfully released change log lock
2024-09-24T08:12:27.614+03:00  INFO 9744 --- [main] liquibase.command                        : Command execution complete
2024-09-24T08:12:27.841+03:00  INFO 9744 --- [main] o.hibernate.jpa.internal.util.LogHelper  : HHH000204: Processing PersistenceUnitInfo [name: default]
2024-09-24T08:12:27.965+03:00  INFO 9744 --- [main] org.hibernate.Version                    : HHH000412: Hibernate ORM core version 6.5.2.Final
2024-09-24T08:12:28.042+03:00  INFO 9744 --- [main] o.h.c.internal.RegionFactoryInitiator    : HHH000026: Second-level cache disabled
2024-09-24T08:12:28.566+03:00  INFO 9744 --- [main] o.s.o.j.p.SpringPersistenceUnitInfo      : No LoadTimeWeaver setup: ignoring JPA class transformer
2024-09-24T08:12:28.647+03:00  WARN 9744 --- [main] org.hibernate.orm.deprecation            : HHH90000025: H2Dialect does not need to be specified explicitly using 'hibernate.dialect' (remove the property setting and it will be selected by default)
2024-09-24T08:12:30.908+03:00  INFO 9744 --- [main] o.h.e.t.j.p.i.JtaPlatformInitiator       : HHH000489: No JTA platform available (set 'hibernate.transaction.jta.platform' to enable JTA platform integration)
2024-09-24T08:12:30.914+03:00  INFO 9744 --- [main] j.LocalContainerEntityManagerFactoryBean : Initialized JPA EntityManagerFactory for persistence unit 'default'
2024-09-24T08:12:31.600+03:00  WARN 9744 --- [main] JpaBaseConfiguration$JpaWebConfiguration : spring.jpa.open-in-view is enabled by default. Therefore, database queries may be performed during view rendering. Explicitly configure spring.jpa.open-in-view to disable this warning
2024-09-24T08:12:32.501+03:00  INFO 9744 --- [main] c.k.r.impl.CategoryRepositoryImplTest    : Started CategoryRepositoryImplTest in 11.229 seconds (process running for 13.123)
2024-09-24T08:12:34.843+03:00  INFO 9744 --- [SpringApplicationShutdownHook] j.LocalContainerEntityManagerFactoryBean : Closing JPA EntityManagerFactory for persistence unit 'default'
2024-09-24T08:12:34.848+03:00  INFO 9744 --- [SpringApplicationShutdownHook] com.zaxxer.hikari.HikariDataSource       : HikariPool-1 - Shutdown initiated...
2024-09-24T08:12:34.852+03:00  INFO 9744 --- [SpringApplicationShutdownHook] com.zaxxer.hikari.HikariDataSource       : HikariPool-1 - Shutdown completed.
2024-09-24T08:13:20.057+03:00  INFO 18720 --- [main] c.k.r.impl.CategoryRepositoryImplTest    : Starting CategoryRepositoryImplTest using Java 22.0.2 with PID 18720 (started by Asus in D:\senla\main3\main)
2024-09-24T08:13:20.060+03:00  INFO 18720 --- [main] c.k.r.impl.CategoryRepositoryImplTest    : The following 1 profile is active: "test"
2024-09-24T08:13:21.472+03:00  INFO 18720 --- [main] .s.d.r.c.RepositoryConfigurationDelegate : Bootstrapping Spring Data JPA repositories in DEFAULT mode.
2024-09-24T08:13:21.539+03:00  INFO 18720 --- [main] .s.d.r.c.RepositoryConfigurationDelegate : Finished Spring Data repository scanning in 54 ms. Found 0 JPA repository interfaces.
2024-09-24T08:13:22.406+03:00  INFO 18720 --- [main] com.zaxxer.hikari.HikariDataSource       : HikariPool-1 - Starting...
2024-09-24T08:13:22.735+03:00  INFO 18720 --- [main] com.zaxxer.hikari.pool.HikariPool        : HikariPool-1 - Added connection conn0: url=jdbc:h2:mem:testdb user=POSTGRES
2024-09-24T08:13:22.742+03:00  INFO 18720 --- [main] com.zaxxer.hikari.HikariDataSource       : HikariPool-1 - Start completed.
2024-09-24T08:13:22.887+03:00  INFO 18720 --- [main] liquibase.database                       : Set default schema name to PUBLIC
2024-09-24T08:13:23.749+03:00  INFO 18720 --- [main] liquibase.changelog                      : Creating database history table with name: PUBLIC.DATABASECHANGELOG
2024-09-24T08:13:23.937+03:00  INFO 18720 --- [main] liquibase.changelog                      : Reading from PUBLIC.DATABASECHANGELOG
2024-09-24T08:13:24.070+03:00  INFO 18720 --- [main] liquibase.lockservice                    : Successfully acquired change log lock
2024-09-24T08:13:24.071+03:00  INFO 18720 --- [main] liquibase.command                        : Using deploymentId: 7154804071
2024-09-24T08:13:24.074+03:00  INFO 18720 --- [main] liquibase.changelog                      : Reading from PUBLIC.DATABASECHANGELOG
2024-09-24T08:13:24.159+03:00  INFO 18720 --- [main] liquibase.ui                             : Running Changeset: db/changelog/changelog.xml::homework-2-role::Sergej Grigorik
2024-09-24T08:13:24.215+03:00  INFO 18720 --- [main] liquibase.changelog                      : SQL in file ./sql/01.create-table-role.sql executed
2024-09-24T08:13:24.217+03:00  INFO 18720 --- [main] liquibase.changelog                      : ChangeSet db/changelog/changelog.xml::homework-2-role::Sergej Grigorik ran successfully in 56ms
2024-09-24T08:13:24.232+03:00  INFO 18720 --- [main] liquibase.ui                             : Running Changeset: db/changelog/changelog.xml::homework-2-privilege::Sergej Grigorik
2024-09-24T08:13:24.241+03:00  INFO 18720 --- [main] liquibase.changelog                      : SQL in file ./sql/02.create-table-privilege.sql executed
2024-09-24T08:13:24.242+03:00  INFO 18720 --- [main] liquibase.changelog                      : ChangeSet db/changelog/changelog.xml::homework-2-privilege::Sergej Grigorik ran successfully in 10ms
2024-09-24T08:13:24.249+03:00  INFO 18720 --- [main] liquibase.ui                             : Running Changeset: db/changelog/changelog.xml::homework-2-role-privilege::Sergej Grigorik
2024-09-24T08:13:24.267+03:00  INFO 18720 --- [main] liquibase.changelog                      : SQL in file ./sql/03.create-table-role-privilege.sql executed
2024-09-24T08:13:24.268+03:00  INFO 18720 --- [main] liquibase.changelog                      : ChangeSet db/changelog/changelog.xml::homework-2-role-privilege::Sergej Grigorik ran successfully in 17ms
2024-09-24T08:13:24.275+03:00  INFO 18720 --- [main] liquibase.ui                             : Running Changeset: db/changelog/changelog.xml::homework-2-region::Sergej Grigorik
2024-09-24T08:13:24.286+03:00  INFO 18720 --- [main] liquibase.changelog                      : SQL in file ./sql/04.create-table-region.sql executed
2024-09-24T08:13:24.287+03:00  INFO 18720 --- [main] liquibase.changelog                      : ChangeSet db/changelog/changelog.xml::homework-2-region::Sergej Grigorik ran successfully in 11ms
2024-09-24T08:13:24.293+03:00  INFO 18720 --- [main] liquibase.ui                             : Running Changeset: db/changelog/changelog.xml::homework-2-city::Sergej Grigorik
2024-09-24T08:13:24.303+03:00  INFO 18720 --- [main] liquibase.changelog                      : SQL in file ./sql/05.create-table-city.sql executed
2024-09-24T08:13:24.305+03:00  INFO 18720 --- [main] liquibase.changelog                      : ChangeSet db/changelog/changelog.xml::homework-2-city::Sergej Grigorik ran successfully in 11ms
2024-09-24T08:13:24.327+03:00  INFO 18720 --- [main] liquibase.ui                             : Running Changeset: db/changelog/changelog.xml::homework-2-address::Sergej Grigorik
2024-09-24T08:13:24.343+03:00  INFO 18720 --- [main] liquibase.changelog                      : SQL in file ./sql/06.create-table-address.sql executed
2024-09-24T08:13:24.344+03:00  INFO 18720 --- [main] liquibase.changelog                      : ChangeSet db/changelog/changelog.xml::homework-2-address::Sergej Grigorik ran successfully in 16ms
2024-09-24T08:13:24.350+03:00  INFO 18720 --- [main] liquibase.ui                             : Running Changeset: db/changelog/changelog.xml::homework-2-payment-card::Sergej Grigorik
2024-09-24T08:13:24.360+03:00  INFO 18720 --- [main] liquibase.changelog                      : SQL in file ./sql/07.create-table-payment-card.sql executed
2024-09-24T08:13:24.361+03:00  INFO 18720 --- [main] liquibase.changelog                      : ChangeSet db/changelog/changelog.xml::homework-2-payment-card::Sergej Grigorik ran successfully in 11ms
2024-09-24T08:13:24.365+03:00  INFO 18720 --- [main] liquibase.ui                             : Running Changeset: db/changelog/changelog.xml::homework-2-restaurant-chain::Sergej Grigorik
2024-09-24T08:13:24.373+03:00  INFO 18720 --- [main] liquibase.changelog                      : SQL in file ./sql/08.create-table-restaurant-chain.sql executed
2024-09-24T08:13:24.374+03:00  INFO 18720 --- [main] liquibase.changelog                      : ChangeSet db/changelog/changelog.xml::homework-2-restaurant-chain::Sergej Grigorik ran successfully in 8ms
2024-09-24T08:13:24.379+03:00  INFO 18720 --- [main] liquibase.ui                             : Running Changeset: db/changelog/changelog.xml::homework-2-profile::Sergej Grigorik
2024-09-24T08:13:24.388+03:00  INFO 18720 --- [main] liquibase.changelog                      : SQL in file ./sql/09.create-table-profile.sql executed
2024-09-24T08:13:24.389+03:00  INFO 18720 --- [main] liquibase.changelog                      : ChangeSet db/changelog/changelog.xml::homework-2-profile::Sergej Grigorik ran successfully in 9ms
2024-09-24T08:13:24.393+03:00  INFO 18720 --- [main] liquibase.ui                             : Running Changeset: db/changelog/changelog.xml::homework-2-restaurant::Sergej Grigorik
2024-09-24T08:13:24.404+03:00  INFO 18720 --- [main] liquibase.changelog                      : SQL in file ./sql/10.create-table-restaurant.sql executed
2024-09-24T08:13:24.405+03:00  INFO 18720 --- [main] liquibase.changelog                      : ChangeSet db/changelog/changelog.xml::homework-2-restaurant::Sergej Grigorik ran successfully in 11ms
2024-09-24T08:13:24.410+03:00  INFO 18720 --- [main] liquibase.ui                             : Running Changeset: db/changelog/changelog.xml::homework-2-application_user::Sergej Grigorik
2024-09-24T08:13:24.421+03:00  INFO 18720 --- [main] liquibase.changelog                      : SQL in file sql/11.create-table-application-user.sql executed
2024-09-24T08:13:24.421+03:00  INFO 18720 --- [main] liquibase.changelog                      : ChangeSet db/changelog/changelog.xml::homework-2-application_user::Sergej Grigorik ran successfully in 11ms
2024-09-24T08:13:24.426+03:00  INFO 18720 --- [main] liquibase.ui                             : Running Changeset: db/changelog/changelog.xml::homework-2-user-card::Sergej Grigorik
2024-09-24T08:13:24.435+03:00  INFO 18720 --- [main] liquibase.changelog                      : SQL in file sql/12.create-table-application-user-card.sql executed
2024-09-24T08:13:24.436+03:00  INFO 18720 --- [main] liquibase.changelog                      : ChangeSet db/changelog/changelog.xml::homework-2-user-card::Sergej Grigorik ran successfully in 9ms
2024-09-24T08:13:24.440+03:00  INFO 18720 --- [main] liquibase.ui                             : Running Changeset: db/changelog/changelog.xml::homework-2-restaurant-operator::Sergej Grigorik
2024-09-24T08:13:24.447+03:00  INFO 18720 --- [main] liquibase.changelog                      : SQL in file ./sql/13.create-table-restaurant-operator.sql executed
2024-09-24T08:13:24.448+03:00  INFO 18720 --- [main] liquibase.changelog                      : ChangeSet db/changelog/changelog.xml::homework-2-restaurant-operator::Sergej Grigorik ran successfully in 7ms
2024-09-24T08:13:24.454+03:00  INFO 18720 --- [main] liquibase.ui                             : Running Changeset: db/changelog/changelog.xml::homework-2-courier::Sergej Grigorik
2024-09-24T08:13:24.461+03:00  INFO 18720 --- [main] liquibase.changelog                      : SQL in file ./sql/14.create-table-courier.sql executed
2024-09-24T08:13:24.462+03:00  INFO 18720 --- [main] liquibase.changelog                      : ChangeSet db/changelog/changelog.xml::homework-2-courier::Sergej Grigorik ran successfully in 8ms
2024-09-24T08:13:24.468+03:00  INFO 18720 --- [main] liquibase.ui                             : Running Changeset: db/changelog/changelog.xml::homework-2-schedule-courier::Sergej Grigorik
2024-09-24T08:13:24.477+03:00  INFO 18720 --- [main] liquibase.changelog                      : SQL in file ./sql/16.create-table-schedule-courier.sql executed
2024-09-24T08:13:24.478+03:00  INFO 18720 --- [main] liquibase.changelog                      : ChangeSet db/changelog/changelog.xml::homework-2-schedule-courier::Sergej Grigorik ran successfully in 10ms
2024-09-24T08:13:24.483+03:00  INFO 18720 --- [main] liquibase.ui                             : Running Changeset: db/changelog/changelog.xml::homework-2-schedule-restaurant::Sergej Grigorik
2024-09-24T08:13:24.493+03:00  INFO 18720 --- [main] liquibase.changelog                      : SQL in file ./sql/17.create-table-schedule-restaurant.sql executed
2024-09-24T08:13:24.494+03:00  INFO 18720 --- [main] liquibase.changelog                      : ChangeSet db/changelog/changelog.xml::homework-2-schedule-restaurant::Sergej Grigorik ran successfully in 10ms
2024-09-24T08:13:24.500+03:00  INFO 18720 --- [main] liquibase.ui                             : Running Changeset: db/changelog/changelog.xml::homework-2-category::Sergej Grigorik
2024-09-24T08:13:24.508+03:00  INFO 18720 --- [main] liquibase.changelog                      : SQL in file ./sql/18.create-table-category.sql executed
2024-09-24T08:13:24.509+03:00  INFO 18720 --- [main] liquibase.changelog                      : ChangeSet db/changelog/changelog.xml::homework-2-category::Sergej Grigorik ran successfully in 8ms
2024-09-24T08:13:24.515+03:00  INFO 18720 --- [main] liquibase.ui                             : Running Changeset: db/changelog/changelog.xml::homework-2-pfcc::Sergej Grigorik
2024-09-24T08:13:24.522+03:00  INFO 18720 --- [main] liquibase.changelog                      : SQL in file ./sql/19.create-table-pfcc.sql executed
2024-09-24T08:13:24.523+03:00  INFO 18720 --- [main] liquibase.changelog                      : ChangeSet db/changelog/changelog.xml::homework-2-pfcc::Sergej Grigorik ran successfully in 7ms
2024-09-24T08:13:24.529+03:00  INFO 18720 --- [main] liquibase.ui                             : Running Changeset: db/changelog/changelog.xml::homework-2-dish::Sergej Grigorik
2024-09-24T08:13:24.542+03:00  INFO 18720 --- [main] liquibase.changelog                      : SQL in file ./sql/20.create-table-dish.sql executed
2024-09-24T08:13:24.543+03:00  INFO 18720 --- [main] liquibase.changelog                      : ChangeSet db/changelog/changelog.xml::homework-2-dish::Sergej Grigorik ran successfully in 13ms
2024-09-24T08:13:24.549+03:00  INFO 18720 --- [main] liquibase.ui                             : Running Changeset: db/changelog/changelog.xml::homework-2-ingredient::Sergej Grigorik
2024-09-24T08:13:24.556+03:00  INFO 18720 --- [main] liquibase.changelog                      : SQL in file ./sql/21.create-table-ingredient.sql executed
2024-09-24T08:13:24.557+03:00  INFO 18720 --- [main] liquibase.changelog                      : ChangeSet db/changelog/changelog.xml::homework-2-ingredient::Sergej Grigorik ran successfully in 8ms
2024-09-24T08:13:24.562+03:00  INFO 18720 --- [main] liquibase.ui                             : Running Changeset: db/changelog/changelog.xml::homework-2-basket::Sergej Grigorik
2024-09-24T08:13:24.571+03:00  INFO 18720 --- [main] liquibase.changelog                      : SQL in file ./sql/24.create-table-basket.sql executed
2024-09-24T08:13:24.571+03:00  INFO 18720 --- [main] liquibase.changelog                      : ChangeSet db/changelog/changelog.xml::homework-2-basket::Sergej Grigorik ran successfully in 8ms
2024-09-24T08:13:24.576+03:00  INFO 18720 --- [main] liquibase.ui                             : Running Changeset: db/changelog/changelog.xml::homework-2-basket-item::Sergej Grigorik
2024-09-24T08:13:24.583+03:00  INFO 18720 --- [main] liquibase.changelog                      : SQL in file ./sql/25.create-table-basket-item.sql executed
2024-09-24T08:13:24.584+03:00  INFO 18720 --- [main] liquibase.changelog                      : ChangeSet db/changelog/changelog.xml::homework-2-basket-item::Sergej Grigorik ran successfully in 8ms
2024-09-24T08:13:24.589+03:00  INFO 18720 --- [main] liquibase.ui                             : Running Changeset: db/changelog/changelog.xml::homework-2-basket-ingredients-dish::Sergej Grigorik
2024-09-24T08:13:24.596+03:00  INFO 18720 --- [main] liquibase.changelog                      : SQL in file ./sql/26.create-table-basket-ingredient-dish.sql executed
2024-09-24T08:13:24.597+03:00  INFO 18720 --- [main] liquibase.changelog                      : ChangeSet db/changelog/changelog.xml::homework-2-basket-ingredients-dish::Sergej Grigorik ran successfully in 8ms
2024-09-24T08:13:24.602+03:00  INFO 18720 --- [main] liquibase.ui                             : Running Changeset: db/changelog/changelog.xml::homework-2-coupon::Sergej Grigorik
2024-09-24T08:13:24.609+03:00  INFO 18720 --- [main] liquibase.changelog                      : SQL in file ./sql/27.create-table-coupon.sql executed
2024-09-24T08:13:24.610+03:00  INFO 18720 --- [main] liquibase.changelog                      : ChangeSet db/changelog/changelog.xml::homework-2-coupon::Sergej Grigorik ran successfully in 8ms
2024-09-24T08:13:24.614+03:00  INFO 18720 --- [main] liquibase.ui                             : Running Changeset: db/changelog/changelog.xml::homework-2-order::Sergej Grigorik
2024-09-24T08:13:24.621+03:00  INFO 18720 --- [main] liquibase.changelog                      : SQL in file sql/28.create-table-booking.sql executed
2024-09-24T08:13:24.622+03:00  INFO 18720 --- [main] liquibase.changelog                      : ChangeSet db/changelog/changelog.xml::homework-2-order::Sergej Grigorik ran successfully in 7ms
2024-09-24T08:13:24.625+03:00  INFO 18720 --- [main] liquibase.ui                             : Running Changeset: db/changelog/changelog.xml::homework-2-delivery::Sergej Grigorik
2024-09-24T08:13:24.632+03:00  INFO 18720 --- [main] liquibase.changelog                      : SQL in file ./sql/29.create-table-delivery.sql executed
2024-09-24T08:13:24.633+03:00  INFO 18720 --- [main] liquibase.changelog                      : ChangeSet db/changelog/changelog.xml::homework-2-delivery::Sergej Grigorik ran successfully in 7ms
2024-09-24T08:13:24.636+03:00  INFO 18720 --- [main] liquibase.ui                             : Running Changeset: db/changelog/changelog.xml::homework-2-order-item::Sergej Grigorik
2024-09-24T08:13:24.643+03:00  INFO 18720 --- [main] liquibase.changelog                      : SQL in file sql/31.create-table-booking-item.sql executed
2024-09-24T08:13:24.643+03:00  INFO 18720 --- [main] liquibase.changelog                      : ChangeSet db/changelog/changelog.xml::homework-2-order-item::Sergej Grigorik ran successfully in 6ms
2024-09-24T08:13:24.650+03:00  INFO 18720 --- [main] liquibase.ui                             : Running Changeset: db/changelog/changelog.xml::homework-2-ingredient-dish::Sergej Grigorik
2024-09-24T08:13:24.657+03:00  INFO 18720 --- [main] liquibase.changelog                      : SQL in file ./sql/32.create-table-ingredient-dish.sql executed
2024-09-24T08:13:24.658+03:00  INFO 18720 --- [main] liquibase.changelog                      : ChangeSet db/changelog/changelog.xml::homework-2-ingredient-dish::Sergej Grigorik ran successfully in 8ms
2024-09-24T08:13:24.664+03:00  INFO 18720 --- [main] liquibase.ui                             : Running Changeset: db/changelog/changelog.xml::homework-2-rating::Sergej Grigorik
2024-09-24T08:13:24.673+03:00  INFO 18720 --- [main] liquibase.changelog                      : SQL in file ./sql/33.create-table-rating.sql executed
2024-09-24T08:13:24.674+03:00  INFO 18720 --- [main] liquibase.changelog                      : ChangeSet db/changelog/changelog.xml::homework-2-rating::Sergej Grigorik ran successfully in 10ms
2024-09-24T08:13:24.679+03:00  INFO 18720 --- [main] liquibase.ui                             : Running Changeset: db/changelog/changelog.xml::homework-2-bank::Sergej Grigorik
2024-09-24T08:13:24.689+03:00  INFO 18720 --- [main] liquibase.changelog                      : SQL in file ./sql/34.create-table-bank.sql executed
2024-09-24T08:13:24.690+03:00  INFO 18720 --- [main] liquibase.changelog                      : ChangeSet db/changelog/changelog.xml::homework-2-bank::Sergej Grigorik ran successfully in 11ms
2024-09-24T08:13:24.697+03:00  INFO 18720 --- [main] liquibase.ui                             : Running Changeset: db/changelog/changelog.xml::homework-2-index::Sergej Grigorik
2024-09-24T08:13:24.737+03:00  INFO 18720 --- [main] liquibase.changelog                      : SQL in file ./sql/35.create-index.sql executed
2024-09-24T08:13:24.738+03:00  INFO 18720 --- [main] liquibase.changelog                      : ChangeSet db/changelog/changelog.xml::homework-2-index::Sergej Grigorik ran successfully in 40ms
2024-09-24T08:13:24.744+03:00  INFO 18720 --- [main] liquibase.ui                             : Running Changeset: db/changelog/changelog.xml::homework-5-insert::Sergej Grigorik
2024-09-24T08:13:24.817+03:00  INFO 18720 --- [main] liquibase.changelog                      : SQL in file ./sql/36.insert-data.sql executed
2024-09-24T08:13:24.820+03:00  INFO 18720 --- [main] liquibase.changelog                      : ChangeSet db/changelog/changelog.xml::homework-5-insert::Sergej Grigorik ran successfully in 75ms
2024-09-24T08:13:24.834+03:00  INFO 18720 --- [main] liquibase.util                           : UPDATE SUMMARY
2024-09-24T08:13:24.834+03:00  INFO 18720 --- [main] liquibase.util                           : Run:                         32
2024-09-24T08:13:24.835+03:00  INFO 18720 --- [main] liquibase.util                           : Previously run:               0
2024-09-24T08:13:24.835+03:00  INFO 18720 --- [main] liquibase.util                           : Filtered out:                 0
2024-09-24T08:13:24.835+03:00  INFO 18720 --- [main] liquibase.util                           : -------------------------------
2024-09-24T08:13:24.835+03:00  INFO 18720 --- [main] liquibase.util                           : Total change sets:           32
2024-09-24T08:13:24.838+03:00  INFO 18720 --- [main] liquibase.util                           : Update summary generated
2024-09-24T08:13:24.844+03:00  INFO 18720 --- [main] liquibase.command                        : Update command completed successfully.
2024-09-24T08:13:24.844+03:00  INFO 18720 --- [main] liquibase.ui                             : Liquibase: Update has been successful. Rows affected: 118
2024-09-24T08:13:24.847+03:00  INFO 18720 --- [main] liquibase.lockservice                    : Successfully released change log lock
2024-09-24T08:13:24.849+03:00  INFO 18720 --- [main] liquibase.command                        : Command execution complete
2024-09-24T08:13:25.077+03:00  INFO 18720 --- [main] o.hibernate.jpa.internal.util.LogHelper  : HHH000204: Processing PersistenceUnitInfo [name: default]
2024-09-24T08:13:25.229+03:00  INFO 18720 --- [main] org.hibernate.Version                    : HHH000412: Hibernate ORM core version 6.5.2.Final
2024-09-24T08:13:25.301+03:00  INFO 18720 --- [main] o.h.c.internal.RegionFactoryInitiator    : HHH000026: Second-level cache disabled
2024-09-24T08:13:25.873+03:00  INFO 18720 --- [main] o.s.o.j.p.SpringPersistenceUnitInfo      : No LoadTimeWeaver setup: ignoring JPA class transformer
2024-09-24T08:13:25.941+03:00  WARN 18720 --- [main] org.hibernate.orm.deprecation            : HHH90000025: H2Dialect does not need to be specified explicitly using 'hibernate.dialect' (remove the property setting and it will be selected by default)
2024-09-24T08:13:28.284+03:00  INFO 18720 --- [main] o.h.e.t.j.p.i.JtaPlatformInitiator       : HHH000489: No JTA platform available (set 'hibernate.transaction.jta.platform' to enable JTA platform integration)
2024-09-24T08:13:28.290+03:00  INFO 18720 --- [main] j.LocalContainerEntityManagerFactoryBean : Initialized JPA EntityManagerFactory for persistence unit 'default'
2024-09-24T08:13:28.932+03:00  WARN 18720 --- [main] JpaBaseConfiguration$JpaWebConfiguration : spring.jpa.open-in-view is enabled by default. Therefore, database queries may be performed during view rendering. Explicitly configure spring.jpa.open-in-view to disable this warning
2024-09-24T08:13:29.767+03:00  INFO 18720 --- [main] c.k.r.impl.CategoryRepositoryImplTest    : Started CategoryRepositoryImplTest in 10.47 seconds (process running for 12.296)
2024-09-24T08:13:31.877+03:00  INFO 18720 --- [SpringApplicationShutdownHook] j.LocalContainerEntityManagerFactoryBean : Closing JPA EntityManagerFactory for persistence unit 'default'
2024-09-24T08:13:31.882+03:00  INFO 18720 --- [SpringApplicationShutdownHook] com.zaxxer.hikari.HikariDataSource       : HikariPool-1 - Shutdown initiated...
2024-09-24T08:13:31.887+03:00  INFO 18720 --- [SpringApplicationShutdownHook] com.zaxxer.hikari.HikariDataSource       : HikariPool-1 - Shutdown completed.
2024-09-24T08:13:55.671+03:00  INFO 27516 --- [main] c.k.r.impl.CategoryRepositoryImplTest    : Starting CategoryRepositoryImplTest using Java 22.0.2 with PID 27516 (started by Asus in D:\senla\main3\main)
2024-09-24T08:13:55.674+03:00  INFO 27516 --- [main] c.k.r.impl.CategoryRepositoryImplTest    : The following 1 profile is active: "test"
2024-09-24T08:13:57.011+03:00  INFO 27516 --- [main] .s.d.r.c.RepositoryConfigurationDelegate : Bootstrapping Spring Data JPA repositories in DEFAULT mode.
2024-09-24T08:13:57.073+03:00  INFO 27516 --- [main] .s.d.r.c.RepositoryConfigurationDelegate : Finished Spring Data repository scanning in 48 ms. Found 0 JPA repository interfaces.
2024-09-24T08:13:57.938+03:00  INFO 27516 --- [main] com.zaxxer.hikari.HikariDataSource       : HikariPool-1 - Starting...
2024-09-24T08:13:58.291+03:00  INFO 27516 --- [main] com.zaxxer.hikari.pool.HikariPool        : HikariPool-1 - Added connection conn0: url=jdbc:h2:mem:testdb user=POSTGRES
2024-09-24T08:13:58.299+03:00  INFO 27516 --- [main] com.zaxxer.hikari.HikariDataSource       : HikariPool-1 - Start completed.
2024-09-24T08:13:58.442+03:00  INFO 27516 --- [main] liquibase.database                       : Set default schema name to PUBLIC
2024-09-24T08:13:59.350+03:00  INFO 27516 --- [main] liquibase.changelog                      : Creating database history table with name: PUBLIC.DATABASECHANGELOG
2024-09-24T08:13:59.573+03:00  INFO 27516 --- [main] liquibase.changelog                      : Reading from PUBLIC.DATABASECHANGELOG
2024-09-24T08:13:59.723+03:00  INFO 27516 --- [main] liquibase.lockservice                    : Successfully acquired change log lock
2024-09-24T08:13:59.724+03:00  INFO 27516 --- [main] liquibase.command                        : Using deploymentId: 7154839724
2024-09-24T08:13:59.727+03:00  INFO 27516 --- [main] liquibase.changelog                      : Reading from PUBLIC.DATABASECHANGELOG
2024-09-24T08:13:59.812+03:00  INFO 27516 --- [main] liquibase.ui                             : Running Changeset: db/changelog/changelog.xml::homework-2-role::Sergej Grigorik
2024-09-24T08:13:59.869+03:00  INFO 27516 --- [main] liquibase.changelog                      : SQL in file ./sql/01.create-table-role.sql executed
2024-09-24T08:13:59.870+03:00  INFO 27516 --- [main] liquibase.changelog                      : ChangeSet db/changelog/changelog.xml::homework-2-role::Sergej Grigorik ran successfully in 56ms
2024-09-24T08:13:59.886+03:00  INFO 27516 --- [main] liquibase.ui                             : Running Changeset: db/changelog/changelog.xml::homework-2-privilege::Sergej Grigorik
2024-09-24T08:13:59.896+03:00  INFO 27516 --- [main] liquibase.changelog                      : SQL in file ./sql/02.create-table-privilege.sql executed
2024-09-24T08:13:59.897+03:00  INFO 27516 --- [main] liquibase.changelog                      : ChangeSet db/changelog/changelog.xml::homework-2-privilege::Sergej Grigorik ran successfully in 11ms
2024-09-24T08:13:59.905+03:00  INFO 27516 --- [main] liquibase.ui                             : Running Changeset: db/changelog/changelog.xml::homework-2-role-privilege::Sergej Grigorik
2024-09-24T08:13:59.923+03:00  INFO 27516 --- [main] liquibase.changelog                      : SQL in file ./sql/03.create-table-role-privilege.sql executed
2024-09-24T08:13:59.924+03:00  INFO 27516 --- [main] liquibase.changelog                      : ChangeSet db/changelog/changelog.xml::homework-2-role-privilege::Sergej Grigorik ran successfully in 18ms
2024-09-24T08:13:59.930+03:00  INFO 27516 --- [main] liquibase.ui                             : Running Changeset: db/changelog/changelog.xml::homework-2-region::Sergej Grigorik
2024-09-24T08:13:59.939+03:00  INFO 27516 --- [main] liquibase.changelog                      : SQL in file ./sql/04.create-table-region.sql executed
2024-09-24T08:13:59.940+03:00  INFO 27516 --- [main] liquibase.changelog                      : ChangeSet db/changelog/changelog.xml::homework-2-region::Sergej Grigorik ran successfully in 9ms
2024-09-24T08:13:59.945+03:00  INFO 27516 --- [main] liquibase.ui                             : Running Changeset: db/changelog/changelog.xml::homework-2-city::Sergej Grigorik
2024-09-24T08:13:59.955+03:00  INFO 27516 --- [main] liquibase.changelog                      : SQL in file ./sql/05.create-table-city.sql executed
2024-09-24T08:13:59.955+03:00  INFO 27516 --- [main] liquibase.changelog                      : ChangeSet db/changelog/changelog.xml::homework-2-city::Sergej Grigorik ran successfully in 9ms
2024-09-24T08:13:59.961+03:00  INFO 27516 --- [main] liquibase.ui                             : Running Changeset: db/changelog/changelog.xml::homework-2-address::Sergej Grigorik
2024-09-24T08:13:59.982+03:00  INFO 27516 --- [main] liquibase.changelog                      : SQL in file ./sql/06.create-table-address.sql executed
2024-09-24T08:13:59.983+03:00  INFO 27516 --- [main] liquibase.changelog                      : ChangeSet db/changelog/changelog.xml::homework-2-address::Sergej Grigorik ran successfully in 22ms
2024-09-24T08:13:59.989+03:00  INFO 27516 --- [main] liquibase.ui                             : Running Changeset: db/changelog/changelog.xml::homework-2-payment-card::Sergej Grigorik
2024-09-24T08:14:00.002+03:00  INFO 27516 --- [main] liquibase.changelog                      : SQL in file ./sql/07.create-table-payment-card.sql executed
2024-09-24T08:14:00.003+03:00  INFO 27516 --- [main] liquibase.changelog                      : ChangeSet db/changelog/changelog.xml::homework-2-payment-card::Sergej Grigorik ran successfully in 13ms
2024-09-24T08:14:00.008+03:00  INFO 27516 --- [main] liquibase.ui                             : Running Changeset: db/changelog/changelog.xml::homework-2-restaurant-chain::Sergej Grigorik
2024-09-24T08:14:00.016+03:00  INFO 27516 --- [main] liquibase.changelog                      : SQL in file ./sql/08.create-table-restaurant-chain.sql executed
2024-09-24T08:14:00.017+03:00  INFO 27516 --- [main] liquibase.changelog                      : ChangeSet db/changelog/changelog.xml::homework-2-restaurant-chain::Sergej Grigorik ran successfully in 9ms
2024-09-24T08:14:00.023+03:00  INFO 27516 --- [main] liquibase.ui                             : Running Changeset: db/changelog/changelog.xml::homework-2-profile::Sergej Grigorik
2024-09-24T08:14:00.038+03:00  INFO 27516 --- [main] liquibase.changelog                      : SQL in file ./sql/09.create-table-profile.sql executed
2024-09-24T08:14:00.039+03:00  INFO 27516 --- [main] liquibase.changelog                      : ChangeSet db/changelog/changelog.xml::homework-2-profile::Sergej Grigorik ran successfully in 14ms
2024-09-24T08:14:00.045+03:00  INFO 27516 --- [main] liquibase.ui                             : Running Changeset: db/changelog/changelog.xml::homework-2-restaurant::Sergej Grigorik
2024-09-24T08:14:00.061+03:00  INFO 27516 --- [main] liquibase.changelog                      : SQL in file ./sql/10.create-table-restaurant.sql executed
2024-09-24T08:14:00.061+03:00  INFO 27516 --- [main] liquibase.changelog                      : ChangeSet db/changelog/changelog.xml::homework-2-restaurant::Sergej Grigorik ran successfully in 15ms
2024-09-24T08:14:00.068+03:00  INFO 27516 --- [main] liquibase.ui                             : Running Changeset: db/changelog/changelog.xml::homework-2-application_user::Sergej Grigorik
2024-09-24T08:14:00.080+03:00  INFO 27516 --- [main] liquibase.changelog                      : SQL in file sql/11.create-table-application-user.sql executed
2024-09-24T08:14:00.081+03:00  INFO 27516 --- [main] liquibase.changelog                      : ChangeSet db/changelog/changelog.xml::homework-2-application_user::Sergej Grigorik ran successfully in 13ms
2024-09-24T08:14:00.087+03:00  INFO 27516 --- [main] liquibase.ui                             : Running Changeset: db/changelog/changelog.xml::homework-2-user-card::Sergej Grigorik
2024-09-24T08:14:00.097+03:00  INFO 27516 --- [main] liquibase.changelog                      : SQL in file sql/12.create-table-application-user-card.sql executed
2024-09-24T08:14:00.097+03:00  INFO 27516 --- [main] liquibase.changelog                      : ChangeSet db/changelog/changelog.xml::homework-2-user-card::Sergej Grigorik ran successfully in 9ms
2024-09-24T08:14:00.102+03:00  INFO 27516 --- [main] liquibase.ui                             : Running Changeset: db/changelog/changelog.xml::homework-2-restaurant-operator::Sergej Grigorik
2024-09-24T08:14:00.110+03:00  INFO 27516 --- [main] liquibase.changelog                      : SQL in file ./sql/13.create-table-restaurant-operator.sql executed
2024-09-24T08:14:00.111+03:00  INFO 27516 --- [main] liquibase.changelog                      : ChangeSet db/changelog/changelog.xml::homework-2-restaurant-operator::Sergej Grigorik ran successfully in 8ms
2024-09-24T08:14:00.118+03:00  INFO 27516 --- [main] liquibase.ui                             : Running Changeset: db/changelog/changelog.xml::homework-2-courier::Sergej Grigorik
2024-09-24T08:14:00.126+03:00  INFO 27516 --- [main] liquibase.changelog                      : SQL in file ./sql/14.create-table-courier.sql executed
2024-09-24T08:14:00.127+03:00  INFO 27516 --- [main] liquibase.changelog                      : ChangeSet db/changelog/changelog.xml::homework-2-courier::Sergej Grigorik ran successfully in 9ms
2024-09-24T08:14:00.134+03:00  INFO 27516 --- [main] liquibase.ui                             : Running Changeset: db/changelog/changelog.xml::homework-2-schedule-courier::Sergej Grigorik
2024-09-24T08:14:00.144+03:00  INFO 27516 --- [main] liquibase.changelog                      : SQL in file ./sql/16.create-table-schedule-courier.sql executed
2024-09-24T08:14:00.144+03:00  INFO 27516 --- [main] liquibase.changelog                      : ChangeSet db/changelog/changelog.xml::homework-2-schedule-courier::Sergej Grigorik ran successfully in 9ms
2024-09-24T08:14:00.148+03:00  INFO 27516 --- [main] liquibase.ui                             : Running Changeset: db/changelog/changelog.xml::homework-2-schedule-restaurant::Sergej Grigorik
2024-09-24T08:14:00.156+03:00  INFO 27516 --- [main] liquibase.changelog                      : SQL in file ./sql/17.create-table-schedule-restaurant.sql executed
2024-09-24T08:14:00.156+03:00  INFO 27516 --- [main] liquibase.changelog                      : ChangeSet db/changelog/changelog.xml::homework-2-schedule-restaurant::Sergej Grigorik ran successfully in 7ms
2024-09-24T08:14:00.160+03:00  INFO 27516 --- [main] liquibase.ui                             : Running Changeset: db/changelog/changelog.xml::homework-2-category::Sergej Grigorik
2024-09-24T08:14:00.166+03:00  INFO 27516 --- [main] liquibase.changelog                      : SQL in file ./sql/18.create-table-category.sql executed
2024-09-24T08:14:00.167+03:00  INFO 27516 --- [main] liquibase.changelog                      : ChangeSet db/changelog/changelog.xml::homework-2-category::Sergej Grigorik ran successfully in 6ms
2024-09-24T08:14:00.171+03:00  INFO 27516 --- [main] liquibase.ui                             : Running Changeset: db/changelog/changelog.xml::homework-2-pfcc::Sergej Grigorik
2024-09-24T08:14:00.178+03:00  INFO 27516 --- [main] liquibase.changelog                      : SQL in file ./sql/19.create-table-pfcc.sql executed
2024-09-24T08:14:00.178+03:00  INFO 27516 --- [main] liquibase.changelog                      : ChangeSet db/changelog/changelog.xml::homework-2-pfcc::Sergej Grigorik ran successfully in 6ms
2024-09-24T08:14:00.183+03:00  INFO 27516 --- [main] liquibase.ui                             : Running Changeset: db/changelog/changelog.xml::homework-2-dish::Sergej Grigorik
2024-09-24T08:14:00.192+03:00  INFO 27516 --- [main] liquibase.changelog                      : SQL in file ./sql/20.create-table-dish.sql executed
2024-09-24T08:14:00.193+03:00  INFO 27516 --- [main] liquibase.changelog                      : ChangeSet db/changelog/changelog.xml::homework-2-dish::Sergej Grigorik ran successfully in 10ms
2024-09-24T08:14:00.197+03:00  INFO 27516 --- [main] liquibase.ui                             : Running Changeset: db/changelog/changelog.xml::homework-2-ingredient::Sergej Grigorik
2024-09-24T08:14:00.203+03:00  INFO 27516 --- [main] liquibase.changelog                      : SQL in file ./sql/21.create-table-ingredient.sql executed
2024-09-24T08:14:00.204+03:00  INFO 27516 --- [main] liquibase.changelog                      : ChangeSet db/changelog/changelog.xml::homework-2-ingredient::Sergej Grigorik ran successfully in 5ms
2024-09-24T08:14:00.207+03:00  INFO 27516 --- [main] liquibase.ui                             : Running Changeset: db/changelog/changelog.xml::homework-2-basket::Sergej Grigorik
2024-09-24T08:14:00.214+03:00  INFO 27516 --- [main] liquibase.changelog                      : SQL in file ./sql/24.create-table-basket.sql executed
2024-09-24T08:14:00.214+03:00  INFO 27516 --- [main] liquibase.changelog                      : ChangeSet db/changelog/changelog.xml::homework-2-basket::Sergej Grigorik ran successfully in 6ms
2024-09-24T08:14:00.218+03:00  INFO 27516 --- [main] liquibase.ui                             : Running Changeset: db/changelog/changelog.xml::homework-2-basket-item::Sergej Grigorik
2024-09-24T08:14:00.227+03:00  INFO 27516 --- [main] liquibase.changelog                      : SQL in file ./sql/25.create-table-basket-item.sql executed
2024-09-24T08:14:00.228+03:00  INFO 27516 --- [main] liquibase.changelog                      : ChangeSet db/changelog/changelog.xml::homework-2-basket-item::Sergej Grigorik ran successfully in 9ms
2024-09-24T08:14:00.234+03:00  INFO 27516 --- [main] liquibase.ui                             : Running Changeset: db/changelog/changelog.xml::homework-2-basket-ingredients-dish::Sergej Grigorik
2024-09-24T08:14:00.243+03:00  INFO 27516 --- [main] liquibase.changelog                      : SQL in file ./sql/26.create-table-basket-ingredient-dish.sql executed
2024-09-24T08:14:00.244+03:00  INFO 27516 --- [main] liquibase.changelog                      : ChangeSet db/changelog/changelog.xml::homework-2-basket-ingredients-dish::Sergej Grigorik ran successfully in 9ms
2024-09-24T08:14:00.249+03:00  INFO 27516 --- [main] liquibase.ui                             : Running Changeset: db/changelog/changelog.xml::homework-2-coupon::Sergej Grigorik
2024-09-24T08:14:00.257+03:00  INFO 27516 --- [main] liquibase.changelog                      : SQL in file ./sql/27.create-table-coupon.sql executed
2024-09-24T08:14:00.257+03:00  INFO 27516 --- [main] liquibase.changelog                      : ChangeSet db/changelog/changelog.xml::homework-2-coupon::Sergej Grigorik ran successfully in 7ms
2024-09-24T08:14:00.262+03:00  INFO 27516 --- [main] liquibase.ui                             : Running Changeset: db/changelog/changelog.xml::homework-2-order::Sergej Grigorik
2024-09-24T08:14:00.271+03:00  INFO 27516 --- [main] liquibase.changelog                      : SQL in file sql/28.create-table-booking.sql executed
2024-09-24T08:14:00.271+03:00  INFO 27516 --- [main] liquibase.changelog                      : ChangeSet db/changelog/changelog.xml::homework-2-order::Sergej Grigorik ran successfully in 9ms
2024-09-24T08:14:00.277+03:00  INFO 27516 --- [main] liquibase.ui                             : Running Changeset: db/changelog/changelog.xml::homework-2-delivery::Sergej Grigorik
2024-09-24T08:14:00.286+03:00  INFO 27516 --- [main] liquibase.changelog                      : SQL in file ./sql/29.create-table-delivery.sql executed
2024-09-24T08:14:00.287+03:00  INFO 27516 --- [main] liquibase.changelog                      : ChangeSet db/changelog/changelog.xml::homework-2-delivery::Sergej Grigorik ran successfully in 9ms
2024-09-24T08:14:00.291+03:00  INFO 27516 --- [main] liquibase.ui                             : Running Changeset: db/changelog/changelog.xml::homework-2-order-item::Sergej Grigorik
2024-09-24T08:14:00.301+03:00  INFO 27516 --- [main] liquibase.changelog                      : SQL in file sql/31.create-table-booking-item.sql executed
2024-09-24T08:14:00.302+03:00  INFO 27516 --- [main] liquibase.changelog                      : ChangeSet db/changelog/changelog.xml::homework-2-order-item::Sergej Grigorik ran successfully in 10ms
2024-09-24T08:14:00.309+03:00  INFO 27516 --- [main] liquibase.ui                             : Running Changeset: db/changelog/changelog.xml::homework-2-ingredient-dish::Sergej Grigorik
2024-09-24T08:14:00.318+03:00  INFO 27516 --- [main] liquibase.changelog                      : SQL in file ./sql/32.create-table-ingredient-dish.sql executed
2024-09-24T08:14:00.319+03:00  INFO 27516 --- [main] liquibase.changelog                      : ChangeSet db/changelog/changelog.xml::homework-2-ingredient-dish::Sergej Grigorik ran successfully in 9ms
2024-09-24T08:14:00.325+03:00  INFO 27516 --- [main] liquibase.ui                             : Running Changeset: db/changelog/changelog.xml::homework-2-rating::Sergej Grigorik
2024-09-24T08:14:00.334+03:00  INFO 27516 --- [main] liquibase.changelog                      : SQL in file ./sql/33.create-table-rating.sql executed
2024-09-24T08:14:00.334+03:00  INFO 27516 --- [main] liquibase.changelog                      : ChangeSet db/changelog/changelog.xml::homework-2-rating::Sergej Grigorik ran successfully in 8ms
2024-09-24T08:14:00.340+03:00  INFO 27516 --- [main] liquibase.ui                             : Running Changeset: db/changelog/changelog.xml::homework-2-bank::Sergej Grigorik
2024-09-24T08:14:00.347+03:00  INFO 27516 --- [main] liquibase.changelog                      : SQL in file ./sql/34.create-table-bank.sql executed
2024-09-24T08:14:00.348+03:00  INFO 27516 --- [main] liquibase.changelog                      : ChangeSet db/changelog/changelog.xml::homework-2-bank::Sergej Grigorik ran successfully in 7ms
2024-09-24T08:14:00.352+03:00  INFO 27516 --- [main] liquibase.ui                             : Running Changeset: db/changelog/changelog.xml::homework-2-index::Sergej Grigorik
2024-09-24T08:14:00.384+03:00  INFO 27516 --- [main] liquibase.changelog                      : SQL in file ./sql/35.create-index.sql executed
2024-09-24T08:14:00.385+03:00  INFO 27516 --- [main] liquibase.changelog                      : ChangeSet db/changelog/changelog.xml::homework-2-index::Sergej Grigorik ran successfully in 32ms
2024-09-24T08:14:00.391+03:00  INFO 27516 --- [main] liquibase.ui                             : Running Changeset: db/changelog/changelog.xml::homework-5-insert::Sergej Grigorik
2024-09-24T08:14:00.462+03:00  INFO 27516 --- [main] liquibase.changelog                      : SQL in file ./sql/36.insert-data.sql executed
2024-09-24T08:14:00.465+03:00  INFO 27516 --- [main] liquibase.changelog                      : ChangeSet db/changelog/changelog.xml::homework-5-insert::Sergej Grigorik ran successfully in 73ms
2024-09-24T08:14:00.486+03:00  INFO 27516 --- [main] liquibase.util                           : UPDATE SUMMARY
2024-09-24T08:14:00.486+03:00  INFO 27516 --- [main] liquibase.util                           : Run:                         32
2024-09-24T08:14:00.486+03:00  INFO 27516 --- [main] liquibase.util                           : Previously run:               0
2024-09-24T08:14:00.486+03:00  INFO 27516 --- [main] liquibase.util                           : Filtered out:                 0
2024-09-24T08:14:00.487+03:00  INFO 27516 --- [main] liquibase.util                           : -------------------------------
2024-09-24T08:14:00.487+03:00  INFO 27516 --- [main] liquibase.util                           : Total change sets:           32
2024-09-24T08:14:00.488+03:00  INFO 27516 --- [main] liquibase.util                           : Update summary generated
2024-09-24T08:14:00.494+03:00  INFO 27516 --- [main] liquibase.command                        : Update command completed successfully.
2024-09-24T08:14:00.494+03:00  INFO 27516 --- [main] liquibase.ui                             : Liquibase: Update has been successful. Rows affected: 118
2024-09-24T08:14:00.498+03:00  INFO 27516 --- [main] liquibase.lockservice                    : Successfully released change log lock
2024-09-24T08:14:00.500+03:00  INFO 27516 --- [main] liquibase.command                        : Command execution complete
2024-09-24T08:14:00.768+03:00  INFO 27516 --- [main] o.hibernate.jpa.internal.util.LogHelper  : HHH000204: Processing PersistenceUnitInfo [name: default]
2024-09-24T08:14:00.912+03:00  INFO 27516 --- [main] org.hibernate.Version                    : HHH000412: Hibernate ORM core version 6.5.2.Final
2024-09-24T08:14:00.977+03:00  INFO 27516 --- [main] o.h.c.internal.RegionFactoryInitiator    : HHH000026: Second-level cache disabled
2024-09-24T08:14:01.501+03:00  INFO 27516 --- [main] o.s.o.j.p.SpringPersistenceUnitInfo      : No LoadTimeWeaver setup: ignoring JPA class transformer
2024-09-24T08:14:01.568+03:00  WARN 27516 --- [main] org.hibernate.orm.deprecation            : HHH90000025: H2Dialect does not need to be specified explicitly using 'hibernate.dialect' (remove the property setting and it will be selected by default)
2024-09-24T08:14:03.855+03:00  INFO 27516 --- [main] o.h.e.t.j.p.i.JtaPlatformInitiator       : HHH000489: No JTA platform available (set 'hibernate.transaction.jta.platform' to enable JTA platform integration)
2024-09-24T08:14:03.861+03:00  INFO 27516 --- [main] j.LocalContainerEntityManagerFactoryBean : Initialized JPA EntityManagerFactory for persistence unit 'default'
2024-09-24T08:14:04.536+03:00  WARN 27516 --- [main] JpaBaseConfiguration$JpaWebConfiguration : spring.jpa.open-in-view is enabled by default. Therefore, database queries may be performed during view rendering. Explicitly configure spring.jpa.open-in-view to disable this warning
2024-09-24T08:14:05.338+03:00  INFO 27516 --- [main] c.k.r.impl.CategoryRepositoryImplTest    : Started CategoryRepositoryImplTest in 10.392 seconds (process running for 12.159)
2024-09-24T08:14:07.508+03:00  INFO 27516 --- [SpringApplicationShutdownHook] j.LocalContainerEntityManagerFactoryBean : Closing JPA EntityManagerFactory for persistence unit 'default'
2024-09-24T08:14:07.511+03:00  INFO 27516 --- [SpringApplicationShutdownHook] com.zaxxer.hikari.HikariDataSource       : HikariPool-1 - Shutdown initiated...
2024-09-24T08:14:07.514+03:00  INFO 27516 --- [SpringApplicationShutdownHook] com.zaxxer.hikari.HikariDataSource       : HikariPool-1 - Shutdown completed.
